D:\Works\HolePunchingClient\HolePunchingClient\Debug\CaptureVideo.obj
D:\Works\HolePunchingClient\HolePunchingClient\Debug\CommonAutoLock.obj
D:\Works\HolePunchingClient\HolePunchingClient\Debug\Encoder.obj
D:\Works\HolePunchingClient\HolePunchingClient\Debug\HolePunchingClient.exe
D:\Works\HolePunchingClient\HolePunchingClient\Debug\HolePunchingClient.ilk
D:\Works\HolePunchingClient\HolePunchingClient\Debug\HolePunchingClient.obj
D:\Works\HolePunchingClient\HolePunchingClient\Debug\HolePunchingClient.pch
D:\Works\HolePunchingClient\HolePunchingClient\Debug\HolePunchingClient.pdb
D:\Works\HolePunchingClient\HolePunchingClient\Debug\HolePunchingClient.res
D:\Works\HolePunchingClient\HolePunchingClient\Debug\HolePunchingClient.vcxprojResolveAssemblyReference.cache
D:\Works\HolePunchingClient\HolePunchingClient\Debug\HolePunchingClientDlg.obj
D:\Works\HolePunchingClient\HolePunchingClient\Debug\RtpHeader.obj
D:\Works\HolePunchingClient\HolePunchingClient\Debug\RtpPacket.obj
D:\Works\HolePunchingClient\HolePunchingClient\Debug\stdafx.obj
D:\Works\HolePunchingClient\HolePunchingClient\Debug\vc70.idb
D:\Works\HolePunchingClient\HolePunchingClient\Debug\vc70.pdb
D:\Works\HolePunchingClient\HolePunchingClient\Debug\VideoDecoder.obj
D:\Works\HolePunchingClient\HolePunchingClient\Debug\VSS35Decoder.obj
D:\Works\HolePunchingClient\HolePunchingClient\Debug\VSS35Encoder.obj
Debug\HolePunchingClient.ilk
Debug\HolePunchingClient.pdb
